<?xml version="1.0" encoding="UTF-8"?>
<!-- Generated by org.testng.reporters.JUnitReportReporter -->
<testsuite hostname="fujiaxideMacBook-Pro.local" name="main.server.tools.SendMail" tests="1" failures="0" timestamp="21 May 2017 06:46:45 GMT" time="0.630" errors="0">
  <testcase name="t1" time="0.630" classname="main.server.tools.SendMail"/>
</testsuite> <!-- main.server.tools.SendMail -->
