<?xml version="1.0" encoding="UTF-8"?>
<!-- Generated by org.testng.reporters.JUnitReportReporter -->
<testsuite hostname="fujiaxideMacBook-Pro.local" name="main.runtest.RunTestPolicy" tests="1" failures="0" timestamp="21 May 2017 06:34:31 GMT" time="0.094" errors="0">
  <testcase name="t1" time="0.094" classname="main.runtest.RunTestPolicy"/>
</testsuite> <!-- main.runtest.RunTestPolicy -->
