<?xml version="1.0" encoding="UTF-8"?>
<!-- Generated by org.testng.reporters.JUnitReportReporter -->
<testsuite hostname="fujiaxideMacBook-Pro.local" name="main.runtest.RunTestCaseByPolicy" tests="1" failures="0" timestamp="20 May 2017 14:28:42 GMT" time="9.115" errors="0">
  <testcase name="t2" time="9.115" classname="main.runtest.RunTestCaseByPolicy"/>
</testsuite> <!-- main.runtest.RunTestCaseByPolicy -->
